Build started 12/7/2016 4:32:38 PM.
     1>Project "C:\Users\EECS_HacSpc\Desktop\Password_Project_2_Benoit\Password_Project_2_Benoit\Password_Project_2_Benoit.vcxproj" on node 2 (Build target(s)).
     1>ClCompile:
         C:\Program Files (x86)\Microsoft Visual Studio 11.0\VC\bin\CL.exe /c /ZI /nologo /W3 /WX- /Od /Oy- /D _MBCS /Gm /EHsc /RTC1 /MDd /GS /fp:precise /Zc:wchar_t /Zc:forScope /Fo"Debug\\" /Fd"Debug\vc110.pdb" /Gd /TP /analyze- /errorReport:prompt Password_Checker.cpp
         Password_Checker.cpp
     1>c:\users\eecs_hacspc\desktop\password_project_2_benoit\password_project_2_benoit\password_checker.cpp(33): warning C4996: 'scanf': This function or variable may be unsafe. Consider using scanf_s instead. To disable deprecation, use _CRT_SECURE_NO_WARNINGS. See online help for details.
                 c:\program files (x86)\microsoft visual studio 11.0\vc\include\stdio.h(290) : see declaration of 'scanf'
     1>c:\users\eecs_hacspc\desktop\password_project_2_benoit\password_project_2_benoit\password_checker.cpp(134): warning C4996: 'fopen': This function or variable may be unsafe. Consider using fopen_s instead. To disable deprecation, use _CRT_SECURE_NO_WARNINGS. See online help for details.
                 c:\program files (x86)\microsoft visual studio 11.0\vc\include\stdio.h(218) : see declaration of 'fopen'
     1>c:\users\eecs_hacspc\desktop\password_project_2_benoit\password_project_2_benoit\password_checker.cpp(131): warning C4101: 'words' : unreferenced local variable
     1>c:\users\eecs_hacspc\desktop\password_project_2_benoit\password_project_2_benoit\password_checker.cpp(169): warning C4996: 'strcpy': This function or variable may be unsafe. Consider using strcpy_s instead. To disable deprecation, use _CRT_SECURE_NO_WARNINGS. See online help for details.
                 c:\program files (x86)\microsoft visual studio 11.0\vc\include\string.h(110) : see declaration of 'strcpy'
     1>c:\users\eecs_hacspc\desktop\password_project_2_benoit\password_project_2_benoit\password_checker.cpp(195): warning C4996: 'strcpy': This function or variable may be unsafe. Consider using strcpy_s instead. To disable deprecation, use _CRT_SECURE_NO_WARNINGS. See online help for details.
                 c:\program files (x86)\microsoft visual studio 11.0\vc\include\string.h(110) : see declaration of 'strcpy'
     1>c:\users\eecs_hacspc\desktop\password_project_2_benoit\password_project_2_benoit\password_checker.cpp(222): warning C4996: 'strcpy': This function or variable may be unsafe. Consider using strcpy_s instead. To disable deprecation, use _CRT_SECURE_NO_WARNINGS. See online help for details.
                 c:\program files (x86)\microsoft visual studio 11.0\vc\include\string.h(110) : see declaration of 'strcpy'
       Link:
         C:\Program Files (x86)\Microsoft Visual Studio 11.0\VC\bin\link.exe /ERRORREPORT:PROMPT /OUT:"C:\Users\EECS_HacSpc\Desktop\Password_Project_2_Benoit\Debug\Password_Project_2_Benoit.exe" /INCREMENTAL /NOLOGO kernel32.lib user32.lib gdi32.lib winspool.lib comdlg32.lib advapi32.lib shell32.lib ole32.lib oleaut32.lib uuid.lib odbc32.lib odbccp32.lib /MANIFEST /MANIFESTUAC:"level='asInvoker' uiAccess='false'" /manifest:embed /DEBUG /PDB:"C:\Users\EECS_HacSpc\Desktop\Password_Project_2_Benoit\Debug\Password_Project_2_Benoit.pdb" /TLBID:1 /DYNAMICBASE /NXCOMPAT /IMPLIB:"C:\Users\EECS_HacSpc\Desktop\Password_Project_2_Benoit\Debug\Password_Project_2_Benoit.lib" /MACHINE:X86 Debug\Password_Checker.obj
         Password_Project_2_Benoit.vcxproj -> C:\Users\EECS_HacSpc\Desktop\Password_Project_2_Benoit\Debug\Password_Project_2_Benoit.exe
     1>Done Building Project "C:\Users\EECS_HacSpc\Desktop\Password_Project_2_Benoit\Password_Project_2_Benoit\Password_Project_2_Benoit.vcxproj" (Build target(s)).

Build succeeded.

Time Elapsed 00:00:00.48
